<?xml version="1.0" encoding="UTF-8"?>
<!-- Generated by org.testng.reporters.JUnitReportReporter -->
<testsuite skipped="0" hostname="Siddhis-MacBook-Pro.local" name="tests.bsDemoAppTest" tests="2" failures="0" timestamp="2022-07-23T01:12:39 IST" time="303.208" errors="0">
  <testcase name="demoSiteTest" time="165.775" classname="tests.bsDemoAppTest"/>
  <system-out/>
  <testcase name="demoSiteTest" time="137.433" classname="tests.bsDemoAppTest"/>
  <system-out/>
</testsuite> <!-- tests.bsDemoAppTest -->
